{"C:\\Users\\engr Okei\\Okechukwu-muokwugwo\\javascript-Capstone\\src\\modules\\__mock__\\commentCounter.js": {"path":"C:\\Users\\engr Okei\\Okechukwu-muokwugwo\\javascript-Capstone\\src\\modules\\__mock__\\commentCounter.js","statementMap":{"0":{"start":{"line":1,"column":24},"end":{"line":4,"column":1}},"1":{"start":{"line":2,"column":16},"end":{"line":2,"column":26}},"2":{"start":{"line":3,"column":2},"end":{"line":3,"column":15}}},"fnMap":{"0":{"name":"(anonymous_0)","decl":{"start":{"line":1,"column":24},"end":{"line":1,"column":25}},"loc":{"start":{"line":1,"column":33},"end":{"line":4,"column":1}},"line":1}},"branchMap":{},"s":{"0":1,"1":1,"2":1},"f":{"0":1},"b":{},"_coverageSchema":"1a1c01bbd47fc00a2c39e90264f33305004495a9","hash":"04fa16a964cd7712af745bd0d09328760636c149"}
,"C:\\Users\\engr Okei\\Okechukwu-muokwugwo\\javascript-Capstone\\src\\modules\\__mock__\\itemCounter.js": {"path":"C:\\Users\\engr Okei\\Okechukwu-muokwugwo\\javascript-Capstone\\src\\modules\\__mock__\\itemCounter.js","statementMap":{"0":{"start":{"line":1,"column":20},"end":{"line":4,"column":1}},"1":{"start":{"line":2,"column":16},"end":{"line":2,"column":26}},"2":{"start":{"line":3,"column":2},"end":{"line":3,"column":15}}},"fnMap":{"0":{"name":"(anonymous_0)","decl":{"start":{"line":1,"column":20},"end":{"line":1,"column":21}},"loc":{"start":{"line":1,"column":29},"end":{"line":4,"column":1}},"line":1}},"branchMap":{},"s":{"0":1,"1":1,"2":1},"f":{"0":1},"b":{},"_coverageSchema":"1a1c01bbd47fc00a2c39e90264f33305004495a9","hash":"e923cc09391eedf965b77a67ca6a8a32c3c72630"}
}
